-------------------------------------------------------------------------------
Test set: test.CalculatorViewTest
-------------------------------------------------------------------------------
Tests run: 2, Failures: 1, Errors: 0, Skipped: 0, Time elapsed: 0.214 sec <<< FAILURE! - in test.CalculatorViewTest
test2(test.CalculatorViewTest)  Time elapsed: 0.028 sec  <<< FAILURE!
java.lang.AssertionError: expected null, but was:<5>
	at org.junit.Assert.fail(Assert.java:88)
	at org.junit.Assert.failNotNull(Assert.java:755)
	at org.junit.Assert.assertNull(Assert.java:737)
	at org.junit.Assert.assertNull(Assert.java:747)
	at test.CalculatorViewTest.test2(CalculatorViewTest.java:27)

